<?xml version="1.0" encoding="UTF-8"?>
<!-- Generated by org.testng.reporters.JUnitReportReporter -->
<testsuite skipped="0" hostname="DESKTOP-J3AJHTH" name="selenium.ValidateTitle" tests="1" failures="0" timestamp="26 Mar 2019 03:46:41 GMT" time="16.799" errors="0">
  <testcase name="validateAppTitle" time="16.799" classname="selenium.ValidateTitle"/>
</testsuite> <!-- selenium.ValidateTitle -->
