<?xml version="1.0" encoding="UTF-8"?>
<!-- Generated by org.testng.reporters.JUnitReportReporter -->
<testsuite skipped="0" hostname="DESKTOP-J3AJHTH" name="selenium.HomePage" tests="2" failures="0" timestamp="26 Mar 2019 03:46:41 GMT" time="44.928" errors="0">
  <testcase name="basePageNavigation" time="26.720" classname="selenium.HomePage"/>
  <testcase name="basePageNavigation" time="18.208" classname="selenium.HomePage"/>
</testsuite> <!-- selenium.HomePage -->
