<?xml version="1.0" encoding="UTF-8"?>
<!-- Generated by org.testng.reporters.JUnitReportReporter -->
<testsuite skipped="0" hostname="DESKTOP-J3AJHTH" name="selenium.ValidateNavBar" tests="1" failures="0" timestamp="26 Mar 2019 03:46:41 GMT" time="15.012" errors="0">
  <testcase name="validateNavigationBar" time="15.012" classname="selenium.ValidateNavBar"/>
</testsuite> <!-- selenium.ValidateNavBar -->
