<?xml version="1.0" encoding="UTF-8"?>
<!-- Generated by org.testng.reporters.JUnitReportReporter -->
<testsuite skipped="0" hostname="DESKTOP-J3AJHTH" name="selenium.HomePage" tests="2" failures="0" timestamp="22 Mar 2019 17:33:37 GMT" time="38.188" errors="0">
  <testcase name="basePageNavigation" time="15.964" classname="selenium.HomePage"/>
  <testcase name="basePageNavigation" time="22.224" classname="selenium.HomePage"/>
</testsuite> <!-- selenium.HomePage -->
