<?xml version="1.0" encoding="UTF-8"?>
<!-- Generated by org.testng.reporters.JUnitReportReporter -->
<testsuite skipped="0" hostname="DESKTOP-J3AJHTH" name="selenium.HomePage" tests="2" failures="0" timestamp="21 Mar 2019 23:27:23 GMT" time="27.810" errors="0">
  <testcase name="basePageNavigation" time="13.507" classname="selenium.HomePage"/>
  <testcase name="basePageNavigation" time="14.303" classname="selenium.HomePage"/>
</testsuite> <!-- selenium.HomePage -->
