<?xml version="1.0" encoding="UTF-8"?>
<!-- Generated by org.testng.reporters.JUnitReportReporter -->
<testsuite skipped="0" hostname="DESKTOP-J3AJHTH" name="selenium.ClosePopUp" tests="1" failures="0" timestamp="22 Mar 2019 15:04:52 GMT" time="18.367" errors="0">
  <testcase name="initialize" time="18.367" classname="selenium.ClosePopUp"/>
</testsuite> <!-- selenium.ClosePopUp -->
