<?xml version="1.0" encoding="UTF-8"?>
<!-- Generated by org.testng.reporters.JUnitReportReporter -->
<testsuite skipped="0" hostname="DESKTOP-J3AJHTH" name="selenium.HomePage" tests="2" failures="0" timestamp="25 Mar 2019 13:29:34 GMT" time="34.856" errors="0">
  <testcase name="basePageNavigation" time="18.470" classname="selenium.HomePage"/>
  <testcase name="basePageNavigation" time="16.386" classname="selenium.HomePage"/>
</testsuite> <!-- selenium.HomePage -->
