<?xml version="1.0" encoding="UTF-8"?>
<!-- Generated by org.testng.reporters.JUnitReportReporter -->
<testsuite skipped="0" hostname="DESKTOP-J3AJHTH" name="selenium.ValidateNavBar" tests="1" failures="0" timestamp="22 Mar 2019 15:04:52 GMT" time="8.074" errors="0">
  <testcase name="basePageNavigation" time="8.074" classname="selenium.ValidateNavBar"/>
</testsuite> <!-- selenium.ValidateNavBar -->
