<?xml version="1.0" encoding="UTF-8"?>
<!-- Generated by org.testng.reporters.JUnitReportReporter -->
<testsuite skipped="0" hostname="DESKTOP-J3AJHTH" name="selenium.HomePage" tests="1" failures="0" timestamp="21 Mar 2019 21:58:48 GMT" time="11.702" errors="0">
  <testcase name="basePageNavigation" time="11.702" classname="selenium.HomePage"/>
</testsuite> <!-- selenium.HomePage -->
