<?xml version="1.0" encoding="UTF-8"?>
<!-- Generated by org.testng.reporters.JUnitReportReporter -->
<testsuite skipped="0" hostname="DESKTOP-J3AJHTH" name="selenium.HomePage" tests="2" failures="0" timestamp="23 Mar 2019 15:04:32 GMT" time="35.495" errors="0">
  <testcase name="basePageNavigation" time="18.009" classname="selenium.HomePage"/>
  <testcase name="basePageNavigation" time="17.486" classname="selenium.HomePage"/>
</testsuite> <!-- selenium.HomePage -->
