<?xml version="1.0" encoding="UTF-8"?>
<!-- Generated by org.testng.reporters.JUnitReportReporter -->
<testsuite skipped="0" hostname="DESKTOP-J3AJHTH" name="selenium.ValidateNavBar" tests="1" failures="0" timestamp="25 Mar 2019 13:29:34 GMT" time="7.931" errors="0">
  <testcase name="validateNavigationBar" time="7.931" classname="selenium.ValidateNavBar"/>
</testsuite> <!-- selenium.ValidateNavBar -->
