<?xml version="1.0" encoding="UTF-8"?>
<!-- Generated by org.testng.reporters.JUnitReportReporter -->
<testsuite skipped="0" hostname="DESKTOP-J3AJHTH" name="selenium.ValidateTitle" tests="1" failures="0" timestamp="25 Mar 2019 13:29:34 GMT" time="10.882" errors="0">
  <testcase name="validateAppTitle" time="10.882" classname="selenium.ValidateTitle"/>
</testsuite> <!-- selenium.ValidateTitle -->
