<?xml version="1.0" encoding="UTF-8"?>
<!-- Generated by org.testng.reporters.JUnitReportReporter -->
<testsuite skipped="0" hostname="DESKTOP-J3AJHTH" name="selenium.ValidateTitle" tests="1" failures="0" timestamp="21 Mar 2019 23:55:22 GMT" time="8.835" errors="0">
  <testcase name="basePageNavigation" time="8.835" classname="selenium.ValidateTitle"/>
</testsuite> <!-- selenium.ValidateTitle -->
