<?xml version="1.0" encoding="UTF-8"?>
<!-- Generated by org.testng.reporters.JUnitReportReporter -->
<testsuite skipped="0" hostname="DESKTOP-J3AJHTH" name="test.day1" tests="2" failures="0" timestamp="12 Mar 2019 03:11:52 GMT" time="0.017" errors="0">
  <testcase name="Demo" time="0.014" classname="test.day1"/>
  <testcase name="SecondTest" time="0.003" classname="test.day1"/>
</testsuite> <!-- test.day1 -->
