<?xml version="1.0" encoding="UTF-8"?>
<!-- Generated by org.testng.reporters.JUnitReportReporter -->
<testsuite skipped="0" hostname="DESKTOP-J3AJHTH" name="testngFiles.Annot2" tests="1" failures="0" timestamp="14 Mar 2019 22:21:48 GMT" time="6.992" errors="0">
  <testcase name="Login" time="6.992" classname="testngFiles.Annot2"/>
</testsuite> <!-- testngFiles.Annot2 -->
