<?xml version="1.0" encoding="UTF-8"?>
<!-- Generated by org.testng.reporters.JUnitReportReporter -->
<testsuite skipped="0" hostname="DESKTOP-J3AJHTH" name="test.day4" tests="3" failures="0" timestamp="14 Mar 2019 15:29:29 GMT" time="0.011" errors="0">
  <testcase name="WebloginHomeLoan" time="0.003" classname="test.day4"/>
  <testcase name="LoginAPIHomeLoan" time="0.007" classname="test.day4"/>
  <testcase name="MobileLoginHomeLoan" time="0.001" classname="test.day4"/>
</testsuite> <!-- test.day4 -->
