<?xml version="1.0" encoding="UTF-8"?>
<!-- Generated by org.testng.reporters.JUnitReportReporter -->
<testsuite skipped="0" hostname="DESKTOP-J3AJHTH" name="test.day2" tests="1" failures="0" timestamp="14 Mar 2019 15:29:29 GMT" time="0.001" errors="0">
  <testcase name="pload" time="0.001" classname="test.day2"/>
</testsuite> <!-- test.day2 -->
