<?xml version="1.0" encoding="UTF-8"?>
<!-- Generated by org.testng.reporters.JUnitReportReporter -->
<testsuite skipped="0" hostname="DESKTOP-J3AJHTH" name="test.day1" tests="1" failures="0" timestamp="14 Mar 2019 14:33:55 GMT" time="0.006" errors="0">
  <testcase name="Demo" time="0.006" classname="test.day1"/>
</testsuite> <!-- test.day1 -->
