<?xml version="1.0" encoding="UTF-8"?>
<!-- Generated by org.testng.reporters.JUnitReportReporter -->
<testsuite skipped="0" hostname="DESKTOP-J3AJHTH" name="test.day4" tests="3" failures="0" timestamp="13 Mar 2019 14:55:41 GMT" time="0.006" errors="0">
  <testcase name="MobileLoginHomeLoan" time="0.001" classname="test.day4"/>
  <testcase name="WebloginHomeLoan" time="0.003" classname="test.day4"/>
  <testcase name="LoginAPIHomeLoan" time="0.002" classname="test.day4"/>
</testsuite> <!-- test.day4 -->
