<?xml version="1.0" encoding="UTF-8"?>
<!-- Generated by org.testng.reporters.JUnitReportReporter -->
<testsuite skipped="1" hostname="DESKTOP-J3AJHTH" name="test.day3" tests="6" failures="0" timestamp="14 Mar 2019 15:29:29 GMT" time="0.074" errors="0">
  <testcase name="MobilesingoutcarLoan" time="0.002" classname="test.day3"/>
  <testcase name="WebloginCarLoan" time="0.053" classname="test.day3"/>
  <testcase name="MobilesingoutcarLoan" time="0.005" classname="test.day3"/>
  <testcase name="MobileLogincarLoan" time="0.012" classname="test.day3"/>
  <testcase name="MobilesingoutcarLoan" time="0.002" classname="test.day3"/>
  <testcase name="MobilesignincarLoan" classname="test.day3">
    <skipped/>
  </testcase> <!-- MobilesignincarLoan -->
</testsuite> <!-- test.day3 -->
