<?xml version="1.0" encoding="UTF-8"?>
<!-- Generated by org.testng.reporters.JUnitReportReporter -->
<testsuite skipped="0" hostname="DESKTOP-J3AJHTH" name="test.day3" tests="5" failures="0" timestamp="13 Mar 2019 14:55:41 GMT" time="0.008" errors="0">
  <testcase name="MobileLogincarLoan" time="0.002" classname="test.day3"/>
  <testcase name="MobilesignincarLoan" time="0.002" classname="test.day3"/>
  <testcase name="MobilesingoutcarLoan" time="0.001" classname="test.day3"/>
  <testcase name="WebloginCarLoan" time="0.002" classname="test.day3"/>
  <testcase name="LoginAPIcarLoan" time="0.001" classname="test.day3"/>
</testsuite> <!-- test.day3 -->
