<?xml version="1.0" encoding="UTF-8"?>
<!-- Generated by org.testng.reporters.JUnitReportReporter -->
<testsuite hostname="DESKTOP-MR52LBG" failures="0" tests="1" name="MdntStudios.ValidateTitle" time="9.170" errors="0" timestamp="02 May 2019 07:41:01 GMT" skipped="0">
  <testcase classname="MdntStudios.ValidateTitle" name="basePageNavigation" time="9.170"/>
</testsuite> <!-- MdntStudios.ValidateTitle -->
