<?xml version="1.0" encoding="UTF-8"?>
<!-- Generated by org.testng.reporters.JUnitReportReporter -->
<testsuite hostname="DESKTOP-MR52LBG" failures="0" tests="1" name="MdntStudios.ValidateNavigationBar" time="9.534" errors="0" timestamp="02 May 2019 07:41:01 GMT" skipped="0">
  <testcase classname="MdntStudios.ValidateNavigationBar" name="basePageNavigation" time="9.534"/>
</testsuite> <!-- MdntStudios.ValidateNavigationBar -->
