<?xml version="1.0" encoding="UTF-8"?>
<!-- Generated by org.testng.reporters.JUnitReportReporter -->
<testsuite skipped="0" hostname="DESKTOP-J3AJHTH" name="testcases.LoginApplication" tests="1" failures="0" timestamp="21 Mar 2019 17:42:34 GMT" time="29.868" errors="0">
  <testcase name="Login" time="29.868" classname="testcases.LoginApplication"/>
</testsuite> <!-- testcases.LoginApplication -->
